2025-07-02 18:03:55,653 - INFO - Starting BCS Secure Jeopardy Server on port 9999
2025-07-02 18:03:55,655 - INFO - server listening on 0.0.0.0:9999
2025-07-02 18:03:55,655 - INFO - Server started successfully
2025-07-02 18:04:00,743 - INFO - Server shutting down
2025-07-02 18:04:00,743 - INFO - Server stopped by user
2025-07-02 18:04:12,269 - INFO - Starting BCS Secure Jeopardy Server on port 9999
2025-07-02 18:04:12,269 - INFO - server listening on 0.0.0.0:9999
2025-07-02 18:04:12,270 - INFO - Server started successfully
2025-07-02 18:04:19,985 - INFO - connection rejected (426 Upgrade Required)
2025-07-02 18:04:19,989 - ERROR - opening handshake failed
Traceback (most recent call last):
  File "/Users/coreyschulz/repos/bcs-secure-jeopardy/venv/lib/python3.13/site-packages/websockets/asyncio/server.py", line 356, in conn_handler
    await connection.handshake(
    ...<3 lines>...
    )
  File "/Users/coreyschulz/repos/bcs-secure-jeopardy/venv/lib/python3.13/site-packages/websockets/asyncio/server.py", line 207, in handshake
    raise self.protocol.handshake_exc
  File "/Users/coreyschulz/repos/bcs-secure-jeopardy/venv/lib/python3.13/site-packages/websockets/server.py", line 138, in accept
    ) = self.process_request(request)
        ~~~~~~~~~~~~~~~~~~~~^^^^^^^^^
  File "/Users/coreyschulz/repos/bcs-secure-jeopardy/venv/lib/python3.13/site-packages/websockets/server.py", line 233, in process_request
    raise InvalidUpgrade(
        "Connection", ", ".join(connection) if connection else None
    )
websockets.exceptions.InvalidUpgrade: invalid Connection header: keep-alive
2025-07-02 18:04:45,656 - ERROR - opening handshake failed
Traceback (most recent call last):
  File "/Users/coreyschulz/repos/bcs-secure-jeopardy/venv/lib/python3.13/site-packages/websockets/http11.py", line 138, in parse
    request_line = yield from parse_line(read_line)
                   ^^^^^^^^^^^^^^^^^^^^^^^^^^^^^^^^
  File "/Users/coreyschulz/repos/bcs-secure-jeopardy/venv/lib/python3.13/site-packages/websockets/http11.py", line 309, in parse_line
    line = yield from read_line(MAX_LINE_LENGTH)
           ^^^^^^^^^^^^^^^^^^^^^^^^^^^^^^^^^^^^^
  File "/Users/coreyschulz/repos/bcs-secure-jeopardy/venv/lib/python3.13/site-packages/websockets/streams.py", line 46, in read_line
    raise EOFError(f"stream ends after {p} bytes, before end of line")
EOFError: stream ends after 0 bytes, before end of line

The above exception was the direct cause of the following exception:

Traceback (most recent call last):
  File "/Users/coreyschulz/repos/bcs-secure-jeopardy/venv/lib/python3.13/site-packages/websockets/server.py", line 545, in parse
    request = yield from Request.parse(
              ^^^^^^^^^^^^^^^^^^^^^^^^^
        self.reader.read_line,
        ^^^^^^^^^^^^^^^^^^^^^^
    )
    ^
  File "/Users/coreyschulz/repos/bcs-secure-jeopardy/venv/lib/python3.13/site-packages/websockets/http11.py", line 140, in parse
    raise EOFError("connection closed while reading HTTP request line") from exc
EOFError: connection closed while reading HTTP request line

The above exception was the direct cause of the following exception:

Traceback (most recent call last):
  File "/Users/coreyschulz/repos/bcs-secure-jeopardy/venv/lib/python3.13/site-packages/websockets/asyncio/server.py", line 356, in conn_handler
    await connection.handshake(
    ...<3 lines>...
    )
  File "/Users/coreyschulz/repos/bcs-secure-jeopardy/venv/lib/python3.13/site-packages/websockets/asyncio/server.py", line 207, in handshake
    raise self.protocol.handshake_exc
websockets.exceptions.InvalidMessage: did not receive a valid HTTP request
2025-07-02 18:06:07,889 - INFO - Server shutting down
2025-07-02 18:06:07,890 - INFO - Server stopped by user
